  stdafx.cpp
  main.cpp
C:\Users\mbrin\Documents\GitHub\Group-6-Iris\x64\Release\HeaderFiles\Iris\pirCircle.h(95): warning C4251: 'Proline::pirCircle::mCenter': class 'cv::Point_<int>' needs to have dll-interface to be used by clients of class 'Proline::pirCircle'
  C:\Users\mbrin\Downloads\opencv\build\include\opencv2\core\core.hpp(893): note: see declaration of 'cv::Point_<int>'
C:\Users\mbrin\Documents\GitHub\Group-6-Iris\x64\Release\HeaderFiles\Iris\pirEye.h(176): warning C4251: 'Proline::pirEye::mpOriginalImage': class 'cv::Mat' needs to have dll-interface to be used by clients of class 'Proline::pirEye'
  C:\Users\mbrin\Downloads\opencv\build\include\opencv2\core\core.hpp(1689): note: see declaration of 'cv::Mat'
C:\Users\mbrin\Documents\GitHub\Group-6-Iris\x64\Release\HeaderFiles\Iris\pirEye.h(184): warning C4251: 'Proline::pirEye::mpSegmentedImage': class 'cv::Mat' needs to have dll-interface to be used by clients of class 'Proline::pirEye'
  C:\Users\mbrin\Downloads\opencv\build\include\opencv2\core\core.hpp(1689): note: see declaration of 'cv::Mat'
C:\Users\mbrin\Documents\GitHub\Group-6-Iris\x64\Release\HeaderFiles\Iris\pirEye.h(187): warning C4251: 'Proline::pirEye::mpMask': class 'cv::Mat' needs to have dll-interface to be used by clients of class 'Proline::pirEye'
  C:\Users\mbrin\Downloads\opencv\build\include\opencv2\core\core.hpp(1689): note: see declaration of 'cv::Mat'
C:\Users\mbrin\Documents\GitHub\Group-6-Iris\x64\Release\HeaderFiles\Iris\pirEye.h(190): warning C4251: 'Proline::pirEye::mpNormalizedImage': class 'cv::Mat' needs to have dll-interface to be used by clients of class 'Proline::pirEye'
  C:\Users\mbrin\Downloads\opencv\build\include\opencv2\core\core.hpp(1689): note: see declaration of 'cv::Mat'
C:\Users\mbrin\Documents\GitHub\Group-6-Iris\x64\Release\HeaderFiles\Iris\pirEye.h(193): warning C4251: 'Proline::pirEye::mpNormalizedMask': class 'cv::Mat' needs to have dll-interface to be used by clients of class 'Proline::pirEye'
  C:\Users\mbrin\Downloads\opencv\build\include\opencv2\core\core.hpp(1689): note: see declaration of 'cv::Mat'
C:\Users\mbrin\Documents\GitHub\Group-6-Iris\x64\Release\HeaderFiles\Iris\pirEye.h(196): warning C4251: 'Proline::pirEye::mpIrisCode': class 'cv::Mat' needs to have dll-interface to be used by clients of class 'Proline::pirEye'
  C:\Users\mbrin\Downloads\opencv\build\include\opencv2\core\core.hpp(1689): note: see declaration of 'cv::Mat'
C:\Users\mbrin\Documents\GitHub\Group-6-Iris\x64\Release\HeaderFiles\Iris\pirEye.h(205): warning C4251: 'Proline::pirEye::mCoarsePupilContour': class 'std::vector<cv::Point,std::allocator<_Ty>>' needs to have dll-interface to be used by clients of class 'Proline::pirEye'
          with
          [
              _Ty=cv::Point
          ]
  C:\Users\mbrin\Downloads\opencv\build\include\opencv2\core\core.hpp(2688): note: see declaration of 'std::vector<cv::Point,std::allocator<_Ty>>'
          with
          [
              _Ty=cv::Point
          ]
C:\Users\mbrin\Documents\GitHub\Group-6-Iris\x64\Release\HeaderFiles\Iris\pirEye.h(208): warning C4251: 'Proline::pirEye::mCoarseIrisContour': class 'std::vector<cv::Point,std::allocator<_Ty>>' needs to have dll-interface to be used by clients of class 'Proline::pirEye'
          with
          [
              _Ty=cv::Point
          ]
  C:\Users\mbrin\Downloads\opencv\build\include\opencv2\core\core.hpp(2688): note: see declaration of 'std::vector<cv::Point,std::allocator<_Ty>>'
          with
          [
              _Ty=cv::Point
          ]
C:\Users\mbrin\Documents\GitHub\Group-6-Iris\x64\Release\HeaderFiles\Iris\pirEye.h(211): warning C4251: 'Proline::pirEye::mThetaCoarsePupil': class 'std::vector<float,std::allocator<_Ty>>' needs to have dll-interface to be used by clients of class 'Proline::pirEye'
          with
          [
              _Ty=float
          ]
  C:\Users\mbrin\Documents\GitHub\Group-6-Iris\x64\Release\HeaderFiles\Iris\pirEye.h(211): note: see declaration of 'std::vector<float,std::allocator<_Ty>>'
          with
          [
              _Ty=float
          ]
C:\Users\mbrin\Documents\GitHub\Group-6-Iris\x64\Release\HeaderFiles\Iris\pirEye.h(214): warning C4251: 'Proline::pirEye::mThetaCoarseIris': class 'std::vector<float,std::allocator<_Ty>>' needs to have dll-interface to be used by clients of class 'Proline::pirEye'
          with
          [
              _Ty=float
          ]
  C:\Users\mbrin\Documents\GitHub\Group-6-Iris\x64\Release\HeaderFiles\Iris\pirEye.h(211): note: see declaration of 'std::vector<float,std::allocator<_Ty>>'
          with
          [
              _Ty=float
          ]
C:\Users\mbrin\Documents\GitHub\Group-6-Iris\x64\Release\HeaderFiles\Iris\pirManager.h(72): warning C4251: 'Proline::pirManager::mFilenameListOfImages': class 'std::basic_string<char,std::char_traits<char>,std::allocator<char>>' needs to have dll-interface to be used by clients of class 'Proline::pirManager'
  C:\Program Files (x86)\Microsoft Visual Studio\2019\Community\VC\Tools\MSVC\14.20.27508\include\xstring(4167): note: see declaration of 'std::basic_string<char,std::char_traits<char>,std::allocator<char>>'
C:\Users\mbrin\Documents\GitHub\Group-6-Iris\x64\Release\HeaderFiles\Iris\pirManager.h(73): warning C4251: 'Proline::pirManager::mListOfImages': class 'std::vector<cv::String,std::allocator<_Ty>>' needs to have dll-interface to be used by clients of class 'Proline::pirManager'
          with
          [
              _Ty=cv::String
          ]
  C:\Users\mbrin\Downloads\opencv\build\include\opencv2\core\core.hpp(231): note: see declaration of 'std::vector<cv::String,std::allocator<_Ty>>'
          with
          [
              _Ty=cv::String
          ]
C:\Users\mbrin\Documents\GitHub\Group-6-Iris\x64\Release\HeaderFiles\Iris\pirManager.h(74): warning C4251: 'Proline::pirManager::mInputDirOriginalImages': class 'std::basic_string<char,std::char_traits<char>,std::allocator<char>>' needs to have dll-interface to be used by clients of class 'Proline::pirManager'
  C:\Program Files (x86)\Microsoft Visual Studio\2019\Community\VC\Tools\MSVC\14.20.27508\include\xstring(4167): note: see declaration of 'std::basic_string<char,std::char_traits<char>,std::allocator<char>>'
C:\Users\mbrin\Documents\GitHub\Group-6-Iris\x64\Release\HeaderFiles\Iris\pirManager.h(75): warning C4251: 'Proline::pirManager::mInputDirMasks': class 'std::basic_string<char,std::char_traits<char>,std::allocator<char>>' needs to have dll-interface to be used by clients of class 'Proline::pirManager'
  C:\Program Files (x86)\Microsoft Visual Studio\2019\Community\VC\Tools\MSVC\14.20.27508\include\xstring(4167): note: see declaration of 'std::basic_string<char,std::char_traits<char>,std::allocator<char>>'
C:\Users\mbrin\Documents\GitHub\Group-6-Iris\x64\Release\HeaderFiles\Iris\pirManager.h(76): warning C4251: 'Proline::pirManager::mInputDirParameters': class 'std::basic_string<char,std::char_traits<char>,std::allocator<char>>' needs to have dll-interface to be used by clients of class 'Proline::pirManager'
  C:\Program Files (x86)\Microsoft Visual Studio\2019\Community\VC\Tools\MSVC\14.20.27508\include\xstring(4167): note: see declaration of 'std::basic_string<char,std::char_traits<char>,std::allocator<char>>'
C:\Users\mbrin\Documents\GitHub\Group-6-Iris\x64\Release\HeaderFiles\Iris\pirManager.h(77): warning C4251: 'Proline::pirManager::mInputDirNormalizedImages': class 'std::basic_string<char,std::char_traits<char>,std::allocator<char>>' needs to have dll-interface to be used by clients of class 'Proline::pirManager'
  C:\Program Files (x86)\Microsoft Visual Studio\2019\Community\VC\Tools\MSVC\14.20.27508\include\xstring(4167): note: see declaration of 'std::basic_string<char,std::char_traits<char>,std::allocator<char>>'
C:\Users\mbrin\Documents\GitHub\Group-6-Iris\x64\Release\HeaderFiles\Iris\pirManager.h(78): warning C4251: 'Proline::pirManager::mInputDirNormalizedMasks': class 'std::basic_string<char,std::char_traits<char>,std::allocator<char>>' needs to have dll-interface to be used by clients of class 'Proline::pirManager'
  C:\Program Files (x86)\Microsoft Visual Studio\2019\Community\VC\Tools\MSVC\14.20.27508\include\xstring(4167): note: see declaration of 'std::basic_string<char,std::char_traits<char>,std::allocator<char>>'
C:\Users\mbrin\Documents\GitHub\Group-6-Iris\x64\Release\HeaderFiles\Iris\pirManager.h(79): warning C4251: 'Proline::pirManager::mInputDirIrisCodes': class 'std::basic_string<char,std::char_traits<char>,std::allocator<char>>' needs to have dll-interface to be used by clients of class 'Proline::pirManager'
  C:\Program Files (x86)\Microsoft Visual Studio\2019\Community\VC\Tools\MSVC\14.20.27508\include\xstring(4167): note: see declaration of 'std::basic_string<char,std::char_traits<char>,std::allocator<char>>'
C:\Users\mbrin\Documents\GitHub\Group-6-Iris\x64\Release\HeaderFiles\Iris\pirManager.h(82): warning C4251: 'Proline::pirManager::mOutputDirSegmentedImages': class 'std::basic_string<char,std::char_traits<char>,std::allocator<char>>' needs to have dll-interface to be used by clients of class 'Proline::pirManager'
  C:\Program Files (x86)\Microsoft Visual Studio\2019\Community\VC\Tools\MSVC\14.20.27508\include\xstring(4167): note: see declaration of 'std::basic_string<char,std::char_traits<char>,std::allocator<char>>'
C:\Users\mbrin\Documents\GitHub\Group-6-Iris\x64\Release\HeaderFiles\Iris\pirManager.h(83): warning C4251: 'Proline::pirManager::mOutputDirParameters': class 'std::basic_string<char,std::char_traits<char>,std::allocator<char>>' needs to have dll-interface to be used by clients of class 'Proline::pirManager'
  C:\Program Files (x86)\Microsoft Visual Studio\2019\Community\VC\Tools\MSVC\14.20.27508\include\xstring(4167): note: see declaration of 'std::basic_string<char,std::char_traits<char>,std::allocator<char>>'
C:\Users\mbrin\Documents\GitHub\Group-6-Iris\x64\Release\HeaderFiles\Iris\pirManager.h(84): warning C4251: 'Proline::pirManager::mOutputDirMasks': class 'std::basic_string<char,std::char_traits<char>,std::allocator<char>>' needs to have dll-interface to be used by clients of class 'Proline::pirManager'
  C:\Program Files (x86)\Microsoft Visual Studio\2019\Community\VC\Tools\MSVC\14.20.27508\include\xstring(4167): note: see declaration of 'std::basic_string<char,std::char_traits<char>,std::allocator<char>>'
C:\Users\mbrin\Documents\GitHub\Group-6-Iris\x64\Release\HeaderFiles\Iris\pirManager.h(85): warning C4251: 'Proline::pirManager::mOutputDirNormalizedImages': class 'std::basic_string<char,std::char_traits<char>,std::allocator<char>>' needs to have dll-interface to be used by clients of class 'Proline::pirManager'
  C:\Program Files (x86)\Microsoft Visual Studio\2019\Community\VC\Tools\MSVC\14.20.27508\include\xstring(4167): note: see declaration of 'std::basic_string<char,std::char_traits<char>,std::allocator<char>>'
C:\Users\mbrin\Documents\GitHub\Group-6-Iris\x64\Release\HeaderFiles\Iris\pirManager.h(86): warning C4251: 'Proline::pirManager::mOutputDirNormalizedMasks': class 'std::basic_string<char,std::char_traits<char>,std::allocator<char>>' needs to have dll-interface to be used by clients of class 'Proline::pirManager'
  C:\Program Files (x86)\Microsoft Visual Studio\2019\Community\VC\Tools\MSVC\14.20.27508\include\xstring(4167): note: see declaration of 'std::basic_string<char,std::char_traits<char>,std::allocator<char>>'
C:\Users\mbrin\Documents\GitHub\Group-6-Iris\x64\Release\HeaderFiles\Iris\pirManager.h(87): warning C4251: 'Proline::pirManager::mOutputDirIrisCodes': class 'std::basic_string<char,std::char_traits<char>,std::allocator<char>>' needs to have dll-interface to be used by clients of class 'Proline::pirManager'
  C:\Program Files (x86)\Microsoft Visual Studio\2019\Community\VC\Tools\MSVC\14.20.27508\include\xstring(4167): note: see declaration of 'std::basic_string<char,std::char_traits<char>,std::allocator<char>>'
C:\Users\mbrin\Documents\GitHub\Group-6-Iris\x64\Release\HeaderFiles\Iris\pirManager.h(88): warning C4251: 'Proline::pirManager::mOutputFileMatchingScores': class 'std::basic_string<char,std::char_traits<char>,std::allocator<char>>' needs to have dll-interface to be used by clients of class 'Proline::pirManager'
  C:\Program Files (x86)\Microsoft Visual Studio\2019\Community\VC\Tools\MSVC\14.20.27508\include\xstring(4167): note: see declaration of 'std::basic_string<char,std::char_traits<char>,std::allocator<char>>'
C:\Users\mbrin\Documents\GitHub\Group-6-Iris\x64\Release\HeaderFiles\Iris\pirManager.h(100): warning C4251: 'Proline::pirManager::mFilenameGaborFilters': class 'std::basic_string<char,std::char_traits<char>,std::allocator<char>>' needs to have dll-interface to be used by clients of class 'Proline::pirManager'
  C:\Program Files (x86)\Microsoft Visual Studio\2019\Community\VC\Tools\MSVC\14.20.27508\include\xstring(4167): note: see declaration of 'std::basic_string<char,std::char_traits<char>,std::allocator<char>>'
C:\Users\mbrin\Documents\GitHub\Group-6-Iris\x64\Release\HeaderFiles\Iris\pirManager.h(101): warning C4251: 'Proline::pirManager::mGaborFilters': class 'std::vector<cv::Mat,std::allocator<_Ty>>' needs to have dll-interface to be used by clients of class 'Proline::pirManager'
          with
          [
              _Ty=cv::Mat
          ]
  C:\Users\mbrin\Downloads\opencv\build\include\opencv2\core\core.hpp(1341): note: see declaration of 'std::vector<cv::Mat,std::allocator<_Ty>>'
          with
          [
              _Ty=cv::Mat
          ]
C:\Users\mbrin\Documents\GitHub\Group-6-Iris\x64\Release\HeaderFiles\Iris\pirManager.h(102): warning C4251: 'Proline::pirManager::mFilenameApplicationPoints': class 'std::basic_string<char,std::char_traits<char>,std::allocator<char>>' needs to have dll-interface to be used by clients of class 'Proline::pirManager'
  C:\Program Files (x86)\Microsoft Visual Studio\2019\Community\VC\Tools\MSVC\14.20.27508\include\xstring(4167): note: see declaration of 'std::basic_string<char,std::char_traits<char>,std::allocator<char>>'
C:\Users\mbrin\Documents\GitHub\Group-6-Iris\x64\Release\HeaderFiles\Iris\pirManager.h(103): warning C4251: 'Proline::pirManager::mpApplicationPoints': class 'cv::Mat' needs to have dll-interface to be used by clients of class 'Proline::pirManager'
  C:\Users\mbrin\Downloads\opencv\build\include\opencv2\core\core.hpp(1689): note: see declaration of 'cv::Mat'
C:\Users\mbrin\Documents\GitHub\Group-6-Iris\x64\Release\HeaderFiles\Iris\pirManager.h(106): warning C4251: 'Proline::pirManager::mSuffixSegmentedImages': class 'std::basic_string<char,std::char_traits<char>,std::allocator<char>>' needs to have dll-interface to be used by clients of class 'Proline::pirManager'
  C:\Program Files (x86)\Microsoft Visual Studio\2019\Community\VC\Tools\MSVC\14.20.27508\include\xstring(4167): note: see declaration of 'std::basic_string<char,std::char_traits<char>,std::allocator<char>>'
C:\Users\mbrin\Documents\GitHub\Group-6-Iris\x64\Release\HeaderFiles\Iris\pirManager.h(107): warning C4251: 'Proline::pirManager::mSuffixParameters': class 'std::basic_string<char,std::char_traits<char>,std::allocator<char>>' needs to have dll-interface to be used by clients of class 'Proline::pirManager'
  C:\Program Files (x86)\Microsoft Visual Studio\2019\Community\VC\Tools\MSVC\14.20.27508\include\xstring(4167): note: see declaration of 'std::basic_string<char,std::char_traits<char>,std::allocator<char>>'
C:\Users\mbrin\Documents\GitHub\Group-6-Iris\x64\Release\HeaderFiles\Iris\pirManager.h(108): warning C4251: 'Proline::pirManager::mSuffixMasks': class 'std::basic_string<char,std::char_traits<char>,std::allocator<char>>' needs to have dll-interface to be used by clients of class 'Proline::pirManager'
  C:\Program Files (x86)\Microsoft Visual Studio\2019\Community\VC\Tools\MSVC\14.20.27508\include\xstring(4167): note: see declaration of 'std::basic_string<char,std::char_traits<char>,std::allocator<char>>'
C:\Users\mbrin\Documents\GitHub\Group-6-Iris\x64\Release\HeaderFiles\Iris\pirManager.h(109): warning C4251: 'Proline::pirManager::mSuffixNormalizedImages': class 'std::basic_string<char,std::char_traits<char>,std::allocator<char>>' needs to have dll-interface to be used by clients of class 'Proline::pirManager'
  C:\Program Files (x86)\Microsoft Visual Studio\2019\Community\VC\Tools\MSVC\14.20.27508\include\xstring(4167): note: see declaration of 'std::basic_string<char,std::char_traits<char>,std::allocator<char>>'
C:\Users\mbrin\Documents\GitHub\Group-6-Iris\x64\Release\HeaderFiles\Iris\pirManager.h(110): warning C4251: 'Proline::pirManager::mSuffixNormalizedMasks': class 'std::basic_string<char,std::char_traits<char>,std::allocator<char>>' needs to have dll-interface to be used by clients of class 'Proline::pirManager'
  C:\Program Files (x86)\Microsoft Visual Studio\2019\Community\VC\Tools\MSVC\14.20.27508\include\xstring(4167): note: see declaration of 'std::basic_string<char,std::char_traits<char>,std::allocator<char>>'
C:\Users\mbrin\Documents\GitHub\Group-6-Iris\x64\Release\HeaderFiles\Iris\pirManager.h(111): warning C4251: 'Proline::pirManager::mSuffixIrisCodes': class 'std::basic_string<char,std::char_traits<char>,std::allocator<char>>' needs to have dll-interface to be used by clients of class 'Proline::pirManager'
  C:\Program Files (x86)\Microsoft Visual Studio\2019\Community\VC\Tools\MSVC\14.20.27508\include\xstring(4167): note: see declaration of 'std::basic_string<char,std::char_traits<char>,std::allocator<char>>'
C:\Users\mbrin\Documents\GitHub\Group-6-Iris\x64\Release\HeaderFiles\Iris\pirManager.h(114): warning C4251: 'Proline::pirManager::mMapBool': class 'std::map<std::string,bool *,std::less<_Kty>,std::allocator<std::pair<const _Kty,_Ty>>>' needs to have dll-interface to be used by clients of class 'Proline::pirManager'
          with
          [
              _Kty=std::string,
              _Ty=bool *
          ]
  C:\Users\mbrin\Documents\GitHub\Group-6-Iris\x64\Release\HeaderFiles\Iris\pirManager.h(114): note: see declaration of 'std::map<std::string,bool *,std::less<_Kty>,std::allocator<std::pair<const _Kty,_Ty>>>'
          with
          [
              _Kty=std::string,
              _Ty=bool *
          ]
C:\Users\mbrin\Documents\GitHub\Group-6-Iris\x64\Release\HeaderFiles\Iris\pirManager.h(115): warning C4251: 'Proline::pirManager::mMapInt': class 'std::map<std::string,int *,std::less<_Kty>,std::allocator<std::pair<const _Kty,_Ty>>>' needs to have dll-interface to be used by clients of class 'Proline::pirManager'
          with
          [
              _Kty=std::string,
              _Ty=int *
          ]
  C:\Users\mbrin\Documents\GitHub\Group-6-Iris\x64\Release\HeaderFiles\Iris\pirManager.h(115): note: see declaration of 'std::map<std::string,int *,std::less<_Kty>,std::allocator<std::pair<const _Kty,_Ty>>>'
          with
          [
              _Kty=std::string,
              _Ty=int *
          ]
C:\Users\mbrin\Documents\GitHub\Group-6-Iris\x64\Release\HeaderFiles\Iris\pirManager.h(116): warning C4251: 'Proline::pirManager::mMapString': class 'std::map<std::string,std::string *,std::less<_Kty>,std::allocator<std::pair<const _Kty,_Ty>>>' needs to have dll-interface to be used by clients of class 'Proline::pirManager'
          with
          [
              _Kty=std::string,
              _Ty=std::string *
          ]
  C:\Users\mbrin\Documents\GitHub\Group-6-Iris\x64\Release\HeaderFiles\Iris\pirManager.h(116): note: see declaration of 'std::map<std::string,std::string *,std::less<_Kty>,std::allocator<std::pair<const _Kty,_Ty>>>'
          with
          [
              _Kty=std::string,
              _Ty=std::string *
          ]
  pirCircle.cpp
C:\Users\mbrin\Documents\GitHub\Group-6-Iris\myIris\pirCircle.cpp(116): warning C4244: 'initializing': conversion from 'double' to 'float', possible loss of data
C:\Users\mbrin\Documents\GitHub\Group-6-Iris\myIris\pirCircle.cpp(117): warning C4244: 'initializing': conversion from 'double' to 'float', possible loss of data
C:\Users\mbrin\Documents\GitHub\Group-6-Iris\myIris\pirCircle.cpp(120): warning C4244: 'argument': conversion from 'float' to '_Tp', possible loss of data
          with
          [
              _Tp=int
          ]
  pirEye.cpp
C:\Users\mbrin\Documents\GitHub\Group-6-Iris\myIris\pirEye.cpp(325): warning C4267: 'argument': conversion from 'size_t' to 'int', possible loss of data
  pirManager.cpp
C:\Users\mbrin\Documents\GitHub\Group-6-Iris\myIris\pirStringUtils.h(73): warning C4267: 'initializing': conversion from 'size_t' to 'int', possible loss of data
C:\Users\mbrin\Documents\GitHub\Group-6-Iris\myIris\pirStringUtils.h(129): warning C4267: 'initializing': conversion from 'size_t' to 'int', possible loss of data
C:\Users\mbrin\Documents\GitHub\Group-6-Iris\myIris\pirManager.cpp(171): warning C4267: 'initializing': conversion from 'size_t' to 'int', possible loss of data
C:\Users\mbrin\Documents\GitHub\Group-6-Iris\myIris\pirManager.cpp(181): warning C4267: 'initializing': conversion from 'size_t' to 'int', possible loss of data
  pirProcessings.cpp
C:\Users\mbrin\Documents\GitHub\Group-6-Iris\myIris\pirStringUtils.h(73): warning C4267: 'initializing': conversion from 'size_t' to 'int', possible loss of data
C:\Users\mbrin\Documents\GitHub\Group-6-Iris\myIris\pirStringUtils.h(129): warning C4267: 'initializing': conversion from 'size_t' to 'int', possible loss of data
C:\Users\mbrin\Documents\GitHub\Group-6-Iris\myIris\pirProcessings.cpp(65): warning C4244: '=': conversion from 'float' to 'int', possible loss of data
C:\Users\mbrin\Documents\GitHub\Group-6-Iris\myIris\pirProcessings.cpp(76): warning C4244: '=': conversion from 'float' to 'int', possible loss of data
C:\Users\mbrin\Documents\GitHub\Group-6-Iris\myIris\pirProcessings.cpp(81): warning C4244: '=': conversion from 'float' to 'int', possible loss of data
C:\Users\mbrin\Documents\GitHub\Group-6-Iris\myIris\pirProcessings.cpp(100): warning C4244: '=': conversion from 'float' to 'int', possible loss of data
C:\Users\mbrin\Documents\GitHub\Group-6-Iris\myIris\pirProcessings.cpp(134): warning C4244: 'argument': conversion from 'double' to '_Tp', possible loss of data
          with
          [
              _Tp=int
          ]
C:\Users\mbrin\Documents\GitHub\Group-6-Iris\myIris\pirProcessings.cpp(133): warning C4244: 'argument': conversion from 'double' to '_Tp', possible loss of data
          with
          [
              _Tp=int
          ]
C:\Users\mbrin\Documents\GitHub\Group-6-Iris\myIris\pirProcessings.cpp(132): warning C4244: 'argument': conversion from 'double' to '_Tp', possible loss of data
          with
          [
              _Tp=int
          ]
C:\Users\mbrin\Documents\GitHub\Group-6-Iris\myIris\pirProcessings.cpp(131): warning C4244: 'argument': conversion from 'double' to '_Tp', possible loss of data
          with
          [
              _Tp=int
          ]
C:\Users\mbrin\Documents\GitHub\Group-6-Iris\myIris\pirProcessings.cpp(152): warning C4244: '=': conversion from 'double' to 'float', possible loss of data
C:\Users\mbrin\Documents\GitHub\Group-6-Iris\myIris\pirProcessings.cpp(174): warning C4244: '=': conversion from 'double' to 'float', possible loss of data
C:\Users\mbrin\Documents\GitHub\Group-6-Iris\myIris\pirProcessings.cpp(206): warning C4244: 'argument': conversion from 'float' to 'const _Ty', possible loss of data
          with
          [
              _Ty=int
          ]
C:\Users\mbrin\Documents\GitHub\Group-6-Iris\myIris\pirProcessings.cpp(207): warning C4244: 'argument': conversion from 'float' to 'const _Ty', possible loss of data
          with
          [
              _Ty=int
          ]
C:\Users\mbrin\Documents\GitHub\Group-6-Iris\myIris\pirProcessings.cpp(214): warning C4244: '=': conversion from 'double' to 'float', possible loss of data
C:\Users\mbrin\Documents\GitHub\Group-6-Iris\myIris\pirProcessings.cpp(261): warning C4244: '=': conversion from 'double' to 'float', possible loss of data
C:\Users\mbrin\Documents\GitHub\Group-6-Iris\myIris\pirProcessings.cpp(304): warning C4244: 'initializing': conversion from 'double' to 'float', possible loss of data
C:\Users\mbrin\Documents\GitHub\Group-6-Iris\myIris\pirProcessings.cpp(359): warning C4244: '=': conversion from 'float' to 'int', possible loss of data
C:\Users\mbrin\Documents\GitHub\Group-6-Iris\myIris\pirProcessings.cpp(360): warning C4244: '=': conversion from 'float' to 'int', possible loss of data
C:\Users\mbrin\Documents\GitHub\Group-6-Iris\myIris\pirProcessings.cpp(406): warning C4244: '=': conversion from 'float' to 'int', possible loss of data
C:\Users\mbrin\Documents\GitHub\Group-6-Iris\myIris\pirProcessings.cpp(407): warning C4244: '=': conversion from 'float' to 'int', possible loss of data
C:\Users\mbrin\Documents\GitHub\Group-6-Iris\myIris\pirProcessings.cpp(430): warning C4267: '=': conversion from 'size_t' to 'int', possible loss of data
C:\Users\mbrin\Documents\GitHub\Group-6-Iris\myIris\pirProcessings.cpp(437): warning C4267: '=': conversion from 'size_t' to 'int', possible loss of data
C:\Users\mbrin\Documents\GitHub\Group-6-Iris\myIris\pirProcessings.cpp(453): warning C4244: 'argument': conversion from 'float' to '_Tp', possible loss of data
          with
          [
              _Tp=int
          ]
C:\Users\mbrin\Documents\GitHub\Group-6-Iris\myIris\pirProcessings.cpp(519): warning C4244: 'initializing': conversion from '_Tp' to 'float', possible loss of data
          with
          [
              _Tp=double
          ]
C:\Users\mbrin\Documents\GitHub\Group-6-Iris\myIris\pirProcessings.cpp(541): warning C4244: 'initializing': conversion from 'float' to 'int', possible loss of data
C:\Users\mbrin\Documents\GitHub\Group-6-Iris\myIris\pirProcessings.cpp(542): warning C4244: 'initializing': conversion from 'float' to 'int', possible loss of data
C:\Users\mbrin\Documents\GitHub\Group-6-Iris\myIris\pirProcessings.cpp(584): warning C4244: '=': conversion from 'float' to 'int', possible loss of data
C:\Users\mbrin\Documents\GitHub\Group-6-Iris\myIris\pirProcessings.cpp(590): warning C4244: 'initializing': conversion from 'float' to 'int', possible loss of data
C:\Users\mbrin\Documents\GitHub\Group-6-Iris\myIris\pirProcessings.cpp(621): warning C4244: 'argument': conversion from 'float' to 'int', possible loss of data
C:\Users\mbrin\Documents\GitHub\Group-6-Iris\myIris\pirProcessings.cpp(622): warning C4244: 'argument': conversion from 'float' to '_Tp', possible loss of data
          with
          [
              _Tp=int
          ]
C:\Users\mbrin\Documents\GitHub\Group-6-Iris\myIris\pirProcessings.cpp(625): warning C4244: '=': conversion from 'float' to 'int', possible loss of data
C:\Users\mbrin\Documents\GitHub\Group-6-Iris\myIris\pirProcessings.cpp(626): warning C4244: '=': conversion from 'float' to 'int', possible loss of data
C:\Users\mbrin\Documents\GitHub\Group-6-Iris\myIris\pirProcessings.cpp(668): warning C4244: 'initializing': conversion from 'int' to 'float', possible loss of data
C:\Users\mbrin\Documents\GitHub\Group-6-Iris\myIris\pirProcessings.cpp(671): warning C4244: 'initializing': conversion from 'int' to 'float', possible loss of data
C:\Users\mbrin\Documents\GitHub\Group-6-Iris\myIris\pirProcessings.cpp(738): warning C4244: 'initializing': conversion from 'float' to 'int', possible loss of data
C:\Users\mbrin\Documents\GitHub\Group-6-Iris\myIris\pirProcessings.cpp(739): warning C4244: 'initializing': conversion from 'float' to 'int', possible loss of data
C:\Users\mbrin\Documents\GitHub\Group-6-Iris\myIris\pirProcessings.cpp(740): warning C4244: 'initializing': conversion from 'float' to 'int', possible loss of data
C:\Users\mbrin\Documents\GitHub\Group-6-Iris\myIris\pirProcessings.cpp(867): warning C4267: 'argument': conversion from 'size_t' to '_Tp', possible loss of data
          with
          [
              _Tp=int
          ]
C:\Users\mbrin\Documents\GitHub\Group-6-Iris\myIris\pirProcessings.cpp(879): warning C4554: '&': check operator precedence for possible error; use parentheses to clarify precedence
C:\Users\mbrin\Documents\GitHub\Group-6-Iris\myIris\pirProcessings.cpp(1083): warning C4267: 'initializing': conversion from 'size_t' to 'int', possible loss of data
C:\Users\mbrin\Documents\GitHub\Group-6-Iris\myIris\pirProcessings.cpp(1105): warning C4554: '&': check operator precedence for possible error; use parentheses to clarify precedence
C:\Users\mbrin\Documents\GitHub\Group-6-Iris\myIris\pirProcessings.cpp(1176): warning C4267: 'initializing': conversion from 'size_t' to 'int', possible loss of data
C:\Users\mbrin\Documents\GitHub\Group-6-Iris\myIris\pirProcessings.cpp(1183): warning C4267: 'argument': conversion from 'size_t' to 'int', possible loss of data
  myIris.vcxproj -> C:\Users\mbrin\Documents\GitHub\Group-6-Iris\x64\Release\myIris.exe
